<?xml version="1.0" encoding="UTF-8"?>
<!-- Generated by org.testng.reporters.JUnitXMLReporter -->
<testsuite hostname="MONO-HYD-LAP-12" name="Default test" tests="7" failures="0" timestamp="22 Sep 2019 18:13:29 GMT" time="3.105" errors="0">
  <testcase name="checkResponseBody" time="0.085" classname="testClasses.TC001_Get_All_Employees"/>
  <testcase name="checkStatusCode" time="0.002" classname="testClasses.TC001_Get_All_Employees"/>
  <testcase name="checkStatusLine" time="0.005" classname="testClasses.TC001_Get_All_Employees"/>
  <testcase name="checkContentType" time="0.001" classname="testClasses.TC001_Get_All_Employees"/>
  <testcase name="checkServerType" time="0.003" classname="testClasses.TC001_Get_All_Employees"/>
  <testcase name="checkContentEncoding" time="0.002" classname="testClasses.TC001_Get_All_Employees"/>
  <testcase name="cookies" time="0.115" classname="testClasses.TC001_Get_All_Employees"/>
</testsuite> <!-- Default test -->
