<?xml version="1.0" encoding="UTF-8"?>
<testng-results skipped="0" failed="0" total="7" passed="7">
  <reporter-output>
  </reporter-output>
  <suite name="EmployeeRestAPISuite" duration-ms="3732" started-at="2019-09-22T18:16:17Z" finished-at="2019-09-22T18:16:21Z">
    <groups>
    </groups>
    <test name="EmployeeRestAPITest" duration-ms="3732" started-at="2019-09-22T18:16:17Z" finished-at="2019-09-22T18:16:21Z">
      <class name="testClasses.TC001_Get_All_Employees">
        <test-method status="PASS" signature="setup()[pri:0, instance:testClasses.TC001_Get_All_Employees@6442b0a6]" name="setup" is-config="true" duration-ms="44" started-at="2019-09-22T23:46:17Z" finished-at="2019-09-22T23:46:17Z">
          <reporter-output>
          </reporter-output>
        </test-method> <!-- setup -->
        <test-method status="PASS" signature="getAllEmployees()[pri:0, instance:testClasses.TC001_Get_All_Employees@6442b0a6]" name="getAllEmployees" is-config="true" duration-ms="3264" started-at="2019-09-22T23:46:17Z" finished-at="2019-09-22T23:46:21Z">
          <reporter-output>
          </reporter-output>
        </test-method> <!-- getAllEmployees -->
        <test-method status="PASS" signature="checkResponseBody()[pri:1, instance:testClasses.TC001_Get_All_Employees@6442b0a6]" name="checkResponseBody" duration-ms="60" started-at="2019-09-22T23:46:21Z" finished-at="2019-09-22T23:46:21Z">
          <reporter-output>
          </reporter-output>
        </test-method> <!-- checkResponseBody -->
        <test-method status="PASS" signature="checkStatusCode()[pri:2, instance:testClasses.TC001_Get_All_Employees@6442b0a6]" name="checkStatusCode" duration-ms="2" started-at="2019-09-22T23:46:21Z" finished-at="2019-09-22T23:46:21Z">
          <reporter-output>
          </reporter-output>
        </test-method> <!-- checkStatusCode -->
        <test-method status="PASS" signature="checkStatusLine()[pri:4, instance:testClasses.TC001_Get_All_Employees@6442b0a6]" name="checkStatusLine" duration-ms="2" started-at="2019-09-22T23:46:21Z" finished-at="2019-09-22T23:46:21Z">
          <reporter-output>
          </reporter-output>
        </test-method> <!-- checkStatusLine -->
        <test-method status="PASS" signature="checkContentType()[pri:5, instance:testClasses.TC001_Get_All_Employees@6442b0a6]" name="checkContentType" duration-ms="1" started-at="2019-09-22T23:46:21Z" finished-at="2019-09-22T23:46:21Z">
          <reporter-output>
          </reporter-output>
        </test-method> <!-- checkContentType -->
        <test-method status="PASS" signature="checkServerType()[pri:6, instance:testClasses.TC001_Get_All_Employees@6442b0a6]" name="checkServerType" duration-ms="2" started-at="2019-09-22T23:46:21Z" finished-at="2019-09-22T23:46:21Z">
          <reporter-output>
          </reporter-output>
        </test-method> <!-- checkServerType -->
        <test-method status="PASS" signature="checkContentEncoding()[pri:7, instance:testClasses.TC001_Get_All_Employees@6442b0a6]" name="checkContentEncoding" duration-ms="1" started-at="2019-09-22T23:46:21Z" finished-at="2019-09-22T23:46:21Z">
          <reporter-output>
          </reporter-output>
        </test-method> <!-- checkContentEncoding -->
        <test-method status="PASS" signature="cookies()[pri:9, instance:testClasses.TC001_Get_All_Employees@6442b0a6]" name="cookies" duration-ms="77" started-at="2019-09-22T23:46:21Z" finished-at="2019-09-22T23:46:21Z">
          <reporter-output>
          </reporter-output>
        </test-method> <!-- cookies -->
        <test-method status="PASS" signature="afterClass()[pri:0, instance:testClasses.TC001_Get_All_Employees@6442b0a6]" name="afterClass" is-config="true" duration-ms="1" started-at="2019-09-22T23:46:21Z" finished-at="2019-09-22T23:46:21Z">
          <reporter-output>
          </reporter-output>
        </test-method> <!-- afterClass -->
      </class> <!-- testClasses.TC001_Get_All_Employees -->
    </test> <!-- EmployeeRestAPITest -->
  </suite> <!-- EmployeeRestAPISuite -->
</testng-results>
